<?xml version="1.0" encoding="UTF-8"?>
<testsuite name="org.example.CalcTests" tests="4" skipped="0" failures="0" errors="0" timestamp="2024-06-24T05:22:50" hostname="KOREAIT" time="0.033">
  <properties/>
  <testcase name="1 + 1 == 2" classname="org.example.CalcTests" time="0.029"/>
  <testcase name="2 + 1 == 3" classname="org.example.CalcTests" time="0.001"/>
  <testcase name="2 + 2 == 4" classname="org.example.CalcTests" time="0.001"/>
  <testcase name="1000 + 200 == 1200" classname="org.example.CalcTests" time="0.0"/>
  <system-out><![CDATA[]]></system-out>
  <system-err><![CDATA[]]></system-err>
</testsuite>
