<?xml version="1.0" encoding="UTF-8"?>
<testsuite name="org.example.CalcTests" tests="8" skipped="0" failures="0" errors="0" timestamp="2024-06-24T06:25:39" hostname="KOREAIT" time="0.038">
  <properties/>
  <testcase name="1 + 1 == 2" classname="org.example.CalcTests" time="0.03"/>
  <testcase name="2 + 1 == 3" classname="org.example.CalcTests" time="0.001"/>
  <testcase name="2 + 2 == 4" classname="org.example.CalcTests" time="0.001"/>
  <testcase name="1000 + 200 == 1200" classname="org.example.CalcTests" time="0.0"/>
  <testcase name="2 - 1 == 1" classname="org.example.CalcTests" time="0.0"/>
  <testcase name="3 - 1 == 2" classname="org.example.CalcTests" time="0.0"/>
  <testcase name="100 - 20 == 80" classname="org.example.CalcTests" time="0.0"/>
  <testcase name="10 + 20 + 30 == 60" classname="org.example.CalcTests" time="0.001"/>
  <system-out><![CDATA[]]></system-out>
  <system-err><![CDATA[]]></system-err>
</testsuite>
